This is TeX, Version 3.14159 (C version 6.1) (format=latex 98.12.5)  24 APR 2000 16:54
**mlyacc.tex
(mlyacc.tex
LaTeX2e <1996/12/01> patch level 1
Babel <v3.6h> and hyphenation patterns for american, german, loaded.
(/opt/teTeX-0.4/texmf/tex/latex/base/latex209.def
File: latex209.def 1996/05/21 v0.51 Standard LaTeX file

Entering LaTeX 2.09 compatibility mode.
\footheight=\dimen102
\@maxsep=\dimen103
\@dblmaxsep=\dimen104
\@cla=\count79
\@clb=\count80
\mscount=\count81
(/opt/teTeX-0.4/texmf/tex/latex/base/tracefnt.sty
Package: tracefnt 1996/07/26 v3.0i Standard LaTeX package (font tracing)
\tracingfonts=\count82
LaTeX Info: Redefining \selectfont on input line 139.
)
\symbold=\mathgroup4
\symsans=\mathgroup5
\symtypewriter=\mathgroup6
\symitalic=\mathgroup7
\symsmallcaps=\mathgroup8
\symslanted=\mathgroup9
LaTeX Font Info:    Redeclaring math alphabet \mathbf on input line 306.
LaTeX Font Info:    Redeclaring math alphabet \mathsf on input line 307.
LaTeX Font Info:    Redeclaring math alphabet \mathtt on input line 308.
LaTeX Font Info:    Redeclaring math alphabet \mathit on input line 314.
LaTeX Info: Redefining \em on input line 324.

(/opt/teTeX-0.4/texmf/tex/latex/base/latexsym.sty
Package: latexsym 1996/11/20 v2.2d Standard LaTeX package (lasy symbols)
\symlasy=\mathgroup10
LaTeX Font Info:    Overwriting symbol font `lasy' in version `bold'
(Font)                  U/lasy/m/n --> U/lasy/b/n on input line 85.
)
LaTeX Font Info:    Redeclaring math delimiter \lgroup on input line 388.
LaTeX Font Info:    Redeclaring math delimiter \rgroup on input line 390.
LaTeX Font Info:    Redeclaring math delimiter \bracevert on input line 392.

(/opt/teTeX-0.4/texmf/tex/latex/config/latex209.cfg
(/opt/teTeX-0.4/texmf/tex/latex/tools/rawfonts.sty
Compatibility mode: package `' requested, but `rawfonts' provided.
Package: rawfonts 1994/05/08 Low-level LaTeX 2.09 font compatibility

(/opt/teTeX-0.4/texmf/tex/latex/tools/somedefs.sty
Package: somedefs 1994/06/01 Toolkit for optional definitions
)
LaTeX Font Info:    Try loading font information for U+lasy on input line 36.

(/opt/teTeX-0.4/texmf/tex/latex/base/ulasy.fd
File: ulasy.fd 1996/11/20 v2.2dLaTeX symbol font definitions
))))
(/opt/teTeX-0.4/texmf/tex/latex/base/article.cls
Document Class: article 1996/10/31 v1.3u Standard LaTeX document class
(/opt/teTeX-0.4/texmf/tex/latex/base/size10.clo
File: size10.clo 1996/10/31 v1.3u Standard LaTeX file (size option)
)
\c@part=\count83
\c@section=\count84
\c@subsection=\count85
\c@subsubsection=\count86
\c@paragraph=\count87
\c@subparagraph=\count88
\c@figure=\count89
\c@table=\count90
\abovecaptionskip=\skip41
\belowcaptionskip=\skip42
Compatibility mode: definition of \rm ignored.
Compatibility mode: definition of \sf ignored.
Compatibility mode: definition of \tt ignored.
Compatibility mode: definition of \bf ignored.
Compatibility mode: definition of \it ignored.
Compatibility mode: definition of \sl ignored.
Compatibility mode: definition of \sc ignored.
LaTeX Info: Redefining \cal on input line 542.
LaTeX Info: Redefining \mit on input line 543.
\bibindent=\dimen105
) (mlyacc.aux)
LaTeX Font Info:    Checking defaults for OML/cmm/m/it on input line 18.
LaTeX Font Info:    ... okay on input line 18.
LaTeX Font Info:    Checking defaults for T1/cmr/m/n on input line 18.
LaTeX Font Info:    ... okay on input line 18.
LaTeX Font Info:    Checking defaults for OT1/cmr/m/n on input line 18.
LaTeX Font Info:    ... okay on input line 18.
LaTeX Font Info:    Checking defaults for OMS/cmsy/m/n on input line 18.
LaTeX Font Info:    ... okay on input line 18.
LaTeX Font Info:    Checking defaults for OMX/cmex/m/n on input line 18.
LaTeX Font Info:    ... okay on input line 18.
LaTeX Font Info:    Checking defaults for U/cmr/m/n on input line 18.
LaTeX Font Info:    ... okay on input line 18.
LaTeX Font Info:    External font `cmex10' loaded for size
(Font)              <12> on input line 19.
LaTeX Font Info:    External font `cmex10' loaded for size
(Font)              <8> on input line 19.
LaTeX Font Info:    External font `cmex10' loaded for size
(Font)              <6> on input line 19.
 [1

] (mlyacc.toc
LaTeX Font Info:    External font `cmex10' loaded for size
(Font)              <7> on input line 2.
LaTeX Font Info:    External font `cmex10' loaded for size
(Font)              <5> on input line 2.
)
\tf@toc=\write3
[2] [3] [4] [5] [6]
LaTeX Font Info:    Try loading font information for OMS+cmr on input line 233.

 (/opt/teTeX-0.4/texmf/tex/latex/base/omscmr.fd
File: omscmr.fd 1997/01/14 v2.5a Standard LaTeX font definitions
)
LaTeX Font Info:    Font shape `OMS/cmr/m/n' in size <10> not available
(Font)              Font shape `OMS/cmsy/m/n' tried instead on input line 233.
LaTeX Font Info:    Try loading font information for OMS+cmtt on input line 244
.
LaTeX Font Info:    No file OMScmtt.fd. on input line 244.
LaTeX Font Warning: Font shape `OMS/cmtt/m/n' undefined
(Font)              using `OMS/cmsy/m/n' instead
(Font)              for symbol `textbraceleft' on input line 244.
 [7]
[8]
Overfull \hbox (12.77852pt too wide) in alignment at lines 355--395
 [][][] []
 []

[9] [10] [11] [12] [13] [14] [15] [16] [17] [18] [19] [20] [21] [22]
Overfull \hbox (0.24724pt too wide) in paragraph at lines 1150--1150
 []                      \OT1/cmtt/m/n/10 (fn _ => TextIO.inputLine TextIO.stdI
n)[] 
 []

[23] [24] [25]
Overfull \hbox (10.74715pt too wide) in paragraph at lines 1254--1254
 []             \OT1/cmtt/m/n/10 preferred_subst:LrTable.term -> LrTable.term l
ist,[] 
 []

[26] [27] [28] [29]
Overfull \hbox (0.24724pt too wide) in paragraph at lines 1483--1483
 []\OT1/cmtt/m/n/10 sharing type {n}Parser.svalue = {n}LrVals.ParserData.svalue
 =[] 
 []

[30]
Overfull \hbox (0.24724pt too wide) in paragraph at lines 1483--1483
 []        \OT1/cmtt/m/n/10 {n}LrVals.Tokens.svalue = Lex.UserDeclarations.sval
ue[] 
 []

[31] [32] [33] (mlyacc.aux)
LaTeX Font Warning: Some font shapes were not available, defaults substituted.
 ) 
Here is how much of TeX's memory you used:
 579 strings out of 10906
 5824 string characters out of 72187
 52201 words of memory out of 262141
 3443 multiletter control sequences out of 9500
 26011 words of font info for 96 fonts, out of 150000 for 255
 14 hyphenation exceptions out of 607
 22i,13n,20p,300b,413s stack positions out of 300i,40n,60p,3000b,4000s

Output written on mlyacc.dvi (33 pages, 80444 bytes).
