This is TeX, Version 3.14159 (Web2C 7.3.1) (format=latex 2000.3.7)  19 JUL 2001 14:22
**./images.tex
(./images.tex
LaTeX2e <1998/12/01> patch level 1
Babel <v3.6x> and hyphenation patterns for american, french, german, ngerman, i
talian, nohyphenation, loaded.

(/usr/share/texmf/tex/latex/base/article.cls
Document Class: article 1999/01/07 v1.4a Standard LaTeX document class
(/usr/share/texmf/tex/latex/base/size10.clo
File: size10.clo 1999/01/07 v1.4a Standard LaTeX file (size option)
)
\c@part=\count79
\c@section=\count80
\c@subsection=\count81
\c@subsubsection=\count82
\c@paragraph=\count83
\c@subparagraph=\count84
\c@figure=\count85
\c@table=\count86
\abovecaptionskip=\skip41
\belowcaptionskip=\skip42
\bibindent=\dimen102
) (/usr/share/texmf/tex/latex/psnfss/times.sty
Package: times 1999/03/29 PSNFSS v.7.2 Times font as default roman : S Rahtz
) (/usr/share/texmf/tex/latex/graphics/color.sty
Package: color 1999/02/16 v1.0i Standard LaTeX Color (DPC)
(/usr/share/texmf/tex/latex/config/color.cfg)
Package color Info: Driver file: dvips.def on input line 125.
(/usr/share/texmf/tex/latex/graphics/dvips.def
File: dvips.def 1999/02/16 v3.0i Driver-dependant file (DPC,SPQR)
) (/usr/share/texmf/tex/latex/graphics/dvipsnam.def
File: dvipsnam.def 1999/02/16 v3.0i Driver-dependant file (DPC,SPQR)
))
\sizebox=\box26
\lthtmlwrite=\write3
(images.aux)
\openout1 = `images.aux'.

LaTeX Font Info:    Checking defaults for OML/cmm/m/it on input line 109.
LaTeX Font Info:    ... okay on input line 109.
LaTeX Font Info:    Checking defaults for T1/cmr/m/n on input line 109.
LaTeX Font Info:    ... okay on input line 109.
LaTeX Font Info:    Checking defaults for OT1/cmr/m/n on input line 109.
LaTeX Font Info:    ... okay on input line 109.
LaTeX Font Info:    Checking defaults for OMS/cmsy/m/n on input line 109.
LaTeX Font Info:    ... okay on input line 109.
LaTeX Font Info:    Checking defaults for OMX/cmex/m/n on input line 109.
LaTeX Font Info:    ... okay on input line 109.
LaTeX Font Info:    Checking defaults for U/cmr/m/n on input line 109.
LaTeX Font Info:    ... okay on input line 109.
LaTeX Font Info:    Try loading font information for OT1+ptm on input line 109.

(/usr/share/texmf/tex/latex/psnfss/ot1ptm.fd
File: ot1ptm.fd 1998/07/06 Fontinst v1.800 font definitions for OT1/ptm.
)

latex2htmlLength hsize=349.0pt

latex2htmlLength vsize=687.65744pt

latex2htmlLength hoffset=0.0pt

latex2htmlLength voffset=0.0pt

latex2htmlLength topmargin=0.0pt

latex2htmlLength topskip=0.00003pt

latex2htmlLength headheight=0.0pt

latex2htmlLength headsep=0.0pt

latex2htmlLength parskip=6.0pt plus 3.0pt minus 2.0pt

latex2htmlLength oddsidemargin=0.0pt

latex2htmlLength evensidemargin=0.0pt

LaTeX Font Info:    External font `cmex10' loaded for size
(Font)              <7> on input line 140.
LaTeX Font Info:    External font `cmex10' loaded for size
(Font)              <5> on input line 140.
l2hSize :tex2html_wrap_inline168:6.94444pt::0.0pt::5.7049pt.
[1



]
l2hSize :tex2html_wrap_inline170:7.44444pt::7.44444pt::6.47229pt.
[2


]
l2hSize :tex2html_wrap_inline461:6.74997pt::0.0pt::6.22461pt.
[3


]
l2hSize :tex2html_wrap_inline893:6.74997pt::0.0pt::5.78592pt.
[4


]
l2hSize :tex2html_wrap_inline897:6.74997pt::0.0pt::12.16664pt.
[5


]
l2hSize :tex2html_wrap_inline941:6.74997pt::0.0pt::5.70604pt.
[6


]
l2hSize :tex2html_wrap_inline1282:6.94444pt::0.0pt::4.79169pt.
[7


]
l2hSize :tex2html_wrap_inline1316:6.74997pt::0.0pt::5.2894pt.
[8


]
l2hSize :tex2html_wrap_inline1338:6.74997pt::0.0pt::6.50238pt.
[9


]
l2hSize :tex2html_wrap_inline1340:8.0pt::8.0pt::31.02083pt.
[10


]
l2hSize :tex2html_wrap_inline1342:6.94444pt::0.0pt::6.02087pt.
[11


]
l2hSize :tex2html_wrap_inline1350:6.74997pt::0.0pt::12.16664pt.
[12


] (images.aux) ) 
Here is how much of TeX's memory you used:
 556 strings out of 10898
 6954 string characters out of 96882
 47842 words of memory out of 263001
 3546 multiletter control sequences out of 10000+0
 4147 words of font info for 15 fonts, out of 400000 for 1000
 14 hyphenation exceptions out of 1000
 23i,5n,19p,182b,216s stack positions out of 300i,100n,500p,50000b,4000s

Output written on images.dvi (12 pages, 2576 bytes).
